#
# A fatal error has been detected by the Java Runtime Environment:
#
#  EXCEPTION_ACCESS_VIOLATION (0xc0000005) at pc=0x0000000180003970, pid=11376, tid=6712
#
# JRE version: Java(TM) SE Runtime Environment (9.0+11) (build 9.0.1+11)
# Java VM: Java HotSpot(TM) 64-Bit Server VM (9.0.1+11, mixed mode, tiered, compressed oops, g1 gc, windows-amd64)
# Problematic frame:
# C  0x0000000180003970
#
# No core dump will be written. Minidumps are not enabled by default on client versions of Windows
#
# If you would like to submit a bug report, please visit:
#   http://bugreport.java.com/bugreport/crash.jsp
# The crash happened outside the Java Virtual Machine in native code.
# See problematic frame for where to report the bug.
#

---------------  S U M M A R Y ------------

Command Line: -javaagent:D:\Program Files\JetBrains\IntelliJ IDEA Community Edition 2017.2.5\lib\idea_rt.jar=53709:D:\Program Files\JetBrains\IntelliJ IDEA Community Edition 2017.2.5\bin -Dfile.encoding=UTF-8 TCPServer

Host: Intel(R) Core(TM) i7-4710HQ CPU @ 2.50GHz, 8 cores, 11G,  Windows 10 , 64 bit Build 16299 (10.0.16299.15)
Time: Mon Dec 11 00:40:48 2017 ?rodkowoeuropejski czas stand. elapsed time: 1 seconds (0d 0h 0m 1s)

---------------  T H R E A D  ---------------

Current thread (0x00000114fb37b800):  JavaThread "Finalizer" daemon [_thread_in_native, id=6712, stack(0x00000009f0e00000,0x00000009f0f00000)]

Stack: [0x00000009f0e00000,0x00000009f0f00000],  sp=0x00000009f0eff0e8,  free space=1020k
Native frames: (J=compiled Java code, j=interpreted, Vv=VM code, C=native code)
C  0x0000000180003970

Java frames: (J=compiled Java code, j=interpreted, Vv=VM code)
j  com.sun.jna.Memory.free(J)V+0
j  com.sun.jna.Memory.finalize()V+4
j  java.lang.System$2.invokeFinalize(Ljava/lang/Object;)V+1 java.base@9.0.1
j  java.lang.ref.Finalizer.runFinalizer(Ljdk/internal/misc/JavaLangAccess;)V+46 java.base@9.0.1
j  java.lang.ref.Finalizer.access$100(Ljava/lang/ref/Finalizer;Ljdk/internal/misc/JavaLangAccess;)V+2 java.base@9.0.1
j  java.lang.ref.Finalizer$FinalizerThread.run()V+46 java.base@9.0.1
v  ~StubRoutines::call_stub

siginfo: EXCEPTION_ACCESS_VIOLATION (0xc0000005), data execution prevention violation at address 0x0000000180003970


Register to memory mapping:

RIP=0x0000000180003970 is an unknown value
RAX=0x0000000180003970 is an unknown value
RBX={method} {0x00000114fe9e08f0} 'free' '(J)V' in 'com/sun/jna/Memory'
RCX=0x00000114fb37ba18 is an unknown value
RDX=0x00000009f0eff180 is pointing into the stack for thread: 0x00000114fb37b800
RSP=0x00000009f0eff0e8 is pointing into the stack for thread: 0x00000114fb37b800
RBP=0x00000009f0eff170 is pointing into the stack for thread: 0x00000114fb37b800
RSI=0x0000000000000138 is an unknown value
RDI=0x00000114e16eb380 is at code_begin+1664 in an Interpreter codelet
invoke return entry points  [0x00000114e16ead00, 0x00000114e16eb6e0]  2528 bytes
R8 =0x00000114ff2e0d10 is an unknown value
R9 =0x00000000000000dc is an unknown value
R10=0x00000114e16f91f0 is at code_begin+976 in an Interpreter codelet
method entry point (kind = native)  [0x00000114e16f8e20, 0x00000114e16f9980]  2912 bytes
R11=0x000000070bb36b40 is an oop
java.lang.Class 
{0x000000070bb36b40} - klass: 'java/lang/Class'
R12=0x0000000000000000 is an unknown value
R13={method} {0x00000114fe9e08f0} 'free' '(J)V' in 'com/sun/jna/Memory'
R14=0x00000009f0eff198 is pointing into the stack for thread: 0x00000114fb37b800
R15=0x00000114fb37b800 is a thread


Registers:
RAX=0x0000000180003970, RBX=0x00000114fe9e08e8, RCX=0x00000114fb37ba18, RDX=0x00000009f0eff180
RSP=0x00000009f0eff0e8, RBP=0x00000009f0eff170, RSI=0x0000000000000138, RDI=0x00000114e16eb380
R8 =0x00000114ff2e0d10, R9 =0x00000000000000dc, R10=0x00000114e16f91f0, R11=0x000000070bb36b40
R12=0x0000000000000000, R13=0x00000114fe9e08e8, R14=0x00000009f0eff198, R15=0x00000114fb37b800
RIP=0x0000000180003970, EFLAGS=0x0000000000010206

Top of Stack: (sp=0x00000009f0eff0e8)
0x00000009f0eff0e8:   00000114e16f921c 0000011400000000
0x00000009f0eff0f8:   000000006b28ddef 00000009f0eff200
0x00000009f0eff108:   00000009f0eff250 00000009f0eff200
0x00000009f0eff118:   000000006b1c406d 0000000000000000
0x00000009f0eff128:   00000009f0eff128 0000000000000000
0x00000009f0eff138:   00000009f0eff198 00000114feabc850
0x00000009f0eff148:   0000000000000000 000000070bb36b40
0x00000009f0eff158:   00000114fe9e08e8 0000000000000000
0x00000009f0eff168:   00000009f0eff190 00000009f0eff1e8
0x00000009f0eff178:   00000114e16eb603 000000070bb36b40
0x00000009f0eff188:   00000114e16f6118 00000114ff2e0d10
0x00000009f0eff198:   0000000000000000 00000009f0eff1a0
0x00000009f0eff1a8:   00000114fe9de954 00000009f0eff1f8
0x00000009f0eff1b8:   00000114feabc850 0000000000000000
0x00000009f0eff1c8:   000000070bb36b40 00000114fe9de978
0x00000009f0eff1d8:   00000009f0eff190 00000009f0eff1f8 

Instructions: (pc=0x0000000180003970)
0x0000000180003950:   
[error occurred during error reporting (printing registers, top of stack, instructions near pc), id 0xc0000005]


---------------  P R O C E S S  ---------------

Java Threads: ( => current thread )
  0x00000114fdeb5800 JavaThread "AWT-Shutdown" [_thread_blocked, id=4080, stack(0x00000009f2000000,0x00000009f2100000)]
  0x00000114fc6b2800 JavaThread "ToolkitShutdown" daemon [_thread_in_native, id=1096, stack(0x00000009f1e00000,0x00000009f1f00000)]
  0x00000114d5721000 JavaThread "DestroyJavaVM" [_thread_blocked, id=12224, stack(0x00000009ef700000,0x00000009ef800000)]
  0x00000114fc2df000 JavaThread "Java2D Disposer" daemon [_thread_blocked, id=3596, stack(0x00000009f1a00000,0x00000009f1b00000)]
  0x00000114fc010800 JavaThread "Service Thread" daemon [_thread_blocked, id=8120, stack(0x00000009f1800000,0x00000009f1900000)]
  0x00000114fc00f800 JavaThread "Monitor Ctrl-Break" daemon [_thread_in_native, id=13012, stack(0x00000009f1700000,0x00000009f1800000)]
  0x00000114fbec4800 JavaThread "Common-Cleaner" daemon [_thread_blocked, id=7572, stack(0x00000009f1600000,0x00000009f1700000)]
  0x00000114fbe08800 JavaThread "Sweeper thread" daemon [_thread_blocked, id=2128, stack(0x00000009f1500000,0x00000009f1600000)]
  0x00000114fb3e3800 JavaThread "C1 CompilerThread3" daemon [_thread_blocked, id=13140, stack(0x00000009f1400000,0x00000009f1500000)]
  0x00000114fb3d3800 JavaThread "C2 CompilerThread2" daemon [_thread_blocked, id=2848, stack(0x00000009f1300000,0x00000009f1400000)]
  0x00000114fb3d2000 JavaThread "C2 CompilerThread1" daemon [_thread_blocked, id=7900, stack(0x00000009f1200000,0x00000009f1300000)]
  0x00000114fb3d1000 JavaThread "C2 CompilerThread0" daemon [_thread_blocked, id=10936, stack(0x00000009f1100000,0x00000009f1200000)]
  0x00000114fb3ca800 JavaThread "Attach Listener" daemon [_thread_blocked, id=10024, stack(0x00000009f1000000,0x00000009f1100000)]
  0x00000114fb3c9800 JavaThread "Signal Dispatcher" daemon [_thread_blocked, id=660, stack(0x00000009f0f00000,0x00000009f1000000)]
=>0x00000114fb37b800 JavaThread "Finalizer" daemon [_thread_in_native, id=6712, stack(0x00000009f0e00000,0x00000009f0f00000)]
  0x00000114fb370800 JavaThread "Reference Handler" daemon [_thread_blocked, id=10932, stack(0x00000009f0d00000,0x00000009f0e00000)]

Other Threads:
  0x00000114fb36e800 VMThread "VM Thread" [stack: 0x00000009f0c00000,0x00000009f0d00000] [id=252]
  0x00000114fc029000 WatcherThread [stack: 0x00000009f1900000,0x00000009f1a00000] [id=12252]
  0x00000114d5739000 GCTaskThread "GC Thread#0" [stack: 0x00000009ef800000,0x00000009ef900000] [id=11540]
  0x00000114d573b800 GCTaskThread "GC Thread#1" [stack: 0x00000009ef900000,0x00000009efa00000] [id=1756]
  0x00000114d573d000 GCTaskThread "GC Thread#2" [stack: 0x00000009efa00000,0x00000009efb00000] [id=7408]
  0x00000114d573f000 GCTaskThread "GC Thread#3" [stack: 0x00000009efb00000,0x00000009efc00000] [id=12436]
  0x00000114d5740800 GCTaskThread "GC Thread#4" [stack: 0x00000009efc00000,0x00000009efd00000] [id=1648]
  0x00000114d5744000 GCTaskThread "GC Thread#5" [stack: 0x00000009efd00000,0x00000009efe00000] [id=12448]
  0x00000114d5749800 GCTaskThread "GC Thread#6" [stack: 0x00000009efe00000,0x00000009eff00000] [id=2420]
  0x00000114d574a800 GCTaskThread "GC Thread#7" [stack: 0x00000009eff00000,0x00000009f0000000] [id=4616]
  0x00000114d57ae800 ConcurrentGCThread "G1 Main Marker" [stack: 0x00000009f0900000,0x00000009f0a00000] [id=11072]
  0x00000114d57af800 ConcurrentGCThread "G1 Marker#0" [stack: 0x00000009f0a00000,0x00000009f0b00000] [id=976]
  0x00000114d57b0000 ConcurrentGCThread "G1 Marker#1" [stack: 0x00000009f0b00000,0x00000009f0c00000] [id=760]
  0x00000114d5765000 ConcurrentGCThread "G1 Refine#0" [stack: 0x00000009f0700000,0x00000009f0800000] [id=10232]
  0x00000114d5763000 ConcurrentGCThread "G1 Refine#1" [stack: 0x00000009f0600000,0x00000009f0700000] [id=12188]
  0x00000114d5762800 ConcurrentGCThread "G1 Refine#2" [stack: 0x00000009f0500000,0x00000009f0600000] [id=3860]
  0x00000114d5769800 ConcurrentGCThread "G1 Refine#3" [stack: 0x00000009f0400000,0x00000009f0500000] [id=2860]
  0x00000114d5767000 ConcurrentGCThread "G1 Refine#4" [stack: 0x00000009f0300000,0x00000009f0400000] [id=10788]
  0x00000114d575f800 ConcurrentGCThread "G1 Refine#5" [stack: 0x00000009f0200000,0x00000009f0300000] [id=6464]
  0x00000114d5752800 ConcurrentGCThread "G1 Refine#6" [stack: 0x00000009f0100000,0x00000009f0200000] [id=4596]
  0x00000114d5752000 ConcurrentGCThread "G1 Refine#7" [stack: 0x00000009f0000000,0x00000009f0100000] [id=2376]
  0x00000114d5776800 ConcurrentGCThread "G1 Young RemSet Sampling" [stack: 0x00000009f0800000,0x00000009f0900000] [id=12736]

Threads with active compile tasks:

VM state:not at safepoint (normal execution)

VM Mutex/Monitor currently owned by a thread: None

Heap address: 0x0000000701400000, size: 3052 MB, Compressed Oops mode: Zero based, Oop shift amount: 3
Narrow klass base: 0x0000000000000000, Narrow klass shift: 3
Compressed class space size: 1073741824 Address: 0x00000007c0000000

Heap:
 garbage-first heap   total 196608K, used 3385K [0x0000000701400000, 0x0000000701500600, 0x00000007c0000000)
  region size 1024K, 4 young (4096K), 3 survivors (3072K)
 Metaspace       used 15596K, capacity 16486K, committed 16896K, reserved 1064960K
  class space    used 1720K, capacity 1931K, committed 2048K, reserved 1048576K
Heap Regions: E=young(eden), S=young(survivor), O=old, HS=humongous(starts), HC=humongous(continues), CS=collection set, F=free, A=archive, TS=gc time stamp, AC=allocation context, TAMS=top-at-mark-start (previous, next)
|   0|0x0000000701400000, 0x000000070144e600, 0x0000000701500000| 30%| O|  |TS  1|AC  0|TAMS 0x0000000701400000, 0x0000000701400000|
|   1|0x0000000701500000, 0x0000000701500000, 0x0000000701600000|  0%| F|  |TS  0|AC  0|TAMS 0x0000000701500000, 0x0000000701500000|
|   2|0x0000000701600000, 0x0000000701600000, 0x0000000701700000|  0%| F|  |TS  0|AC  0|TAMS 0x0000000701600000, 0x0000000701600000|
|   3|0x0000000701700000, 0x0000000701700000, 0x0000000701800000|  0%| F|  |TS  0|AC  0|TAMS 0x0000000701700000, 0x0000000701700000|
|   4|0x0000000701800000, 0x0000000701800000, 0x0000000701900000|  0%| F|  |TS  0|AC  0|TAMS 0x0000000701800000, 0x0000000701800000|
|   5|0x0000000701900000, 0x0000000701900000, 0x0000000701a00000|  0%| F|  |TS  0|AC  0|TAMS 0x0000000701900000, 0x0000000701900000|
|   6|0x0000000701a00000, 0x0000000701a00000, 0x0000000701b00000|  0%| F|  |TS  0|AC  0|TAMS 0x0000000701a00000, 0x0000000701a00000|
|   7|0x0000000701b00000, 0x0000000701b00000, 0x0000000701c00000|  0%| F|  |TS  0|AC  0|TAMS 0x0000000701b00000, 0x0000000701b00000|
|   8|0x0000000701c00000, 0x0000000701c00000, 0x0000000701d00000|  0%| F|  |TS  0|AC  0|TAMS 0x0000000701c00000, 0x0000000701c00000|
|   9|0x0000000701d00000, 0x0000000701d00000, 0x0000000701e00000|  0%| F|  |TS  0|AC  0|TAMS 0x0000000701d00000, 0x0000000701d00000|
|  10|0x0000000701e00000, 0x0000000701e00000, 0x0000000701f00000|  0%| F|  |TS  0|AC  0|TAMS 0x0000000701e00000, 0x0000000701e00000|
|  11|0x0000000701f00000, 0x0000000701f00000, 0x0000000702000000|  0%| F|  |TS  0|AC  0|TAMS 0x0000000701f00000, 0x0000000701f00000|
|  12|0x0000000702000000, 0x0000000702000000, 0x0000000702100000|  0%| F|  |TS  0|AC  0|TAMS 0x0000000702000000, 0x0000000702000000|
|  13|0x0000000702100000, 0x0000000702100000, 0x0000000702200000|  0%| F|  |TS  0|AC  0|TAMS 0x0000000702100000, 0x0000000702100000|
|  14|0x0000000702200000, 0x0000000702200000, 0x0000000702300000|  0%| F|  |TS  0|AC  0|TAMS 0x0000000702200000, 0x0000000702200000|
|  15|0x0000000702300000, 0x0000000702300000, 0x0000000702400000|  0%| F|  |TS  0|AC  0|TAMS 0x0000000702300000, 0x0000000702300000|
|  16|0x0000000702400000, 0x0000000702400000, 0x0000000702500000|  0%| F|  |TS  0|AC  0|TAMS 0x0000000702400000, 0x0000000702400000|
|  17|0x0000000702500000, 0x0000000702500000, 0x0000000702600000|  0%| F|  |TS  0|AC  0|TAMS 0x0000000702500000, 0x0000000702500000|
|  18|0x0000000702600000, 0x0000000702600000, 0x0000000702700000|  0%| F|  |TS  0|AC  0|TAMS 0x0000000702600000, 0x0000000702600000|
|  19|0x0000000702700000, 0x0000000702700000, 0x0000000702800000|  0%| F|  |TS  0|AC  0|TAMS 0x0000000702700000, 0x0000000702700000|
|  20|0x0000000702800000, 0x0000000702800000, 0x0000000702900000|  0%| F|  |TS  0|AC  0|TAMS 0x0000000702800000, 0x0000000702800000|
|  21|0x0000000702900000, 0x0000000702900000, 0x0000000702a00000|  0%| F|  |TS  0|AC  0|TAMS 0x0000000702900000, 0x0000000702900000|
|  22|0x0000000702a00000, 0x0000000702a00000, 0x0000000702b00000|  0%| F|  |TS  0|AC  0|TAMS 0x0000000702a00000, 0x0000000702a00000|
|  23|0x0000000702b00000, 0x0000000702b00000, 0x0000000702c00000|  0%| F|  |TS  0|AC  0|TAMS 0x0000000702b00000, 0x0000000702b00000|
|  24|0x0000000702c00000, 0x0000000702c00000, 0x0000000702d00000|  0%| F|  |TS  0|AC  0|TAMS 0x0000000702c00000, 0x0000000702c00000|
|  25|0x0000000702d00000, 0x0000000702d00000, 0x0000000702e00000|  0%| F|  |TS  0|AC  0|TAMS 0x0000000702d00000, 0x0000000702d00000|
|  26|0x0000000702e00000, 0x0000000702e00000, 0x0000000702f00000|  0%| F|  |TS  0|AC  0|TAMS 0x0000000702e00000, 0x0000000702e00000|
|  27|0x0000000702f00000, 0x0000000702f00000, 0x0000000703000000|  0%| F|  |TS  0|AC  0|TAMS 0x0000000702f00000, 0x0000000702f00000|
|  28|0x0000000703000000, 0x0000000703000000, 0x0000000703100000|  0%| F|  |TS  0|AC  0|TAMS 0x0000000703000000, 0x0000000703000000|
|  29|0x0000000703100000, 0x0000000703100000, 0x0000000703200000|  0%| F|  |TS  0|AC  0|TAMS 0x0000000703100000, 0x0000000703100000|
|  30|0x0000000703200000, 0x0000000703200000, 0x0000000703300000|  0%| F|  |TS  0|AC  0|TAMS 0x0000000703200000, 0x0000000703200000|
|  31|0x0000000703300000, 0x0000000703300000, 0x0000000703400000|  0%| F|  |TS  0|AC  0|TAMS 0x0000000703300000, 0x0000000703300000|
|  32|0x0000000703400000, 0x0000000703400000, 0x0000000703500000|  0%| F|  |TS  0|AC  0|TAMS 0x0000000703400000, 0x0000000703400000|
|  33|0x0000000703500000, 0x0000000703500000, 0x0000000703600000|  0%| F|  |TS  0|AC  0|TAMS 0x0000000703500000, 0x0000000703500000|
|  34|0x0000000703600000, 0x0000000703600000, 0x0000000703700000|  0%| F|  |TS  0|AC  0|TAMS 0x0000000703600000, 0x0000000703600000|
|  35|0x0000000703700000, 0x0000000703700000, 0x0000000703800000|  0%| F|  |TS  0|AC  0|TAMS 0x0000000703700000, 0x0000000703700000|
|  36|0x0000000703800000, 0x0000000703800000, 0x0000000703900000|  0%| F|  |TS  0|AC  0|TAMS 0x0000000703800000, 0x0000000703800000|
|  37|0x0000000703900000, 0x0000000703900000, 0x0000000703a00000|  0%| F|  |TS  0|AC  0|TAMS 0x0000000703900000, 0x0000000703900000|
|  38|0x0000000703a00000, 0x0000000703a00000, 0x0000000703b00000|  0%| F|  |TS  0|AC  0|TAMS 0x0000000703a00000, 0x0000000703a00000|
|  39|0x0000000703b00000, 0x0000000703b00000, 0x0000000703c00000|  0%| F|  |TS  0|AC  0|TAMS 0x0000000703b00000, 0x0000000703b00000|
|  40|0x0000000703c00000, 0x0000000703c00000, 0x0000000703d00000|  0%| F|  |TS  0|AC  0|TAMS 0x0000000703c00000, 0x0000000703c00000|
|  41|0x0000000703d00000, 0x0000000703d00000, 0x0000000703e00000|  0%| F|  |TS  0|AC  0|TAMS 0x0000000703d00000, 0x0000000703d00000|
|  42|0x0000000703e00000, 0x0000000703e00000, 0x0000000703f00000|  0%| F|  |TS  0|AC  0|TAMS 0x0000000703e00000, 0x0000000703e00000|
|  43|0x0000000703f00000, 0x0000000703f00000, 0x0000000704000000|  0%| F|  |TS  0|AC  0|TAMS 0x0000000703f00000, 0x0000000703f00000|
|  44|0x0000000704000000, 0x0000000704000000, 0x0000000704100000|  0%| F|  |TS  0|AC  0|TAMS 0x0000000704000000, 0x0000000704000000|
|  45|0x0000000704100000, 0x0000000704100000, 0x0000000704200000|  0%| F|  |TS  0|AC  0|TAMS 0x0000000704100000, 0x0000000704100000|
|  46|0x0000000704200000, 0x0000000704200000, 0x0000000704300000|  0%| F|  |TS  0|AC  0|TAMS 0x0000000704200000, 0x0000000704200000|
|  47|0x0000000704300000, 0x0000000704300000, 0x0000000704400000|  0%| F|  |TS  0|AC  0|TAMS 0x0000000704300000, 0x0000000704300000|
|  48|0x0000000704400000, 0x0000000704400000, 0x0000000704500000|  0%| F|  |TS  0|AC  0|TAMS 0x0000000704400000, 0x0000000704400000|
|  49|0x0000000704500000, 0x0000000704500000, 0x0000000704600000|  0%| F|  |TS  0|AC  0|TAMS 0x0000000704500000, 0x0000000704500000|
|  50|0x0000000704600000, 0x0000000704600000, 0x0000000704700000|  0%| F|  |TS  0|AC  0|TAMS 0x0000000704600000, 0x0000000704600000|
|  51|0x0000000704700000, 0x0000000704700000, 0x0000000704800000|  0%| F|  |TS  0|AC  0|TAMS 0x0000000704700000, 0x0000000704700000|
|  52|0x0000000704800000, 0x0000000704800000, 0x0000000704900000|  0%| F|  |TS  0|AC  0|TAMS 0x0000000704800000, 0x0000000704800000|
|  53|0x0000000704900000, 0x0000000704900000, 0x0000000704a00000|  0%| F|  |TS  0|AC  0|TAMS 0x0000000704900000, 0x0000000704900000|
|  54|0x0000000704a00000, 0x0000000704a00000, 0x0000000704b00000|  0%| F|  |TS  0|AC  0|TAMS 0x0000000704a00000, 0x0000000704a00000|
|  55|0x0000000704b00000, 0x0000000704b00000, 0x0000000704c00000|  0%| F|  |TS  0|AC  0|TAMS 0x0000000704b00000, 0x0000000704b00000|
|  56|0x0000000704c00000, 0x0000000704c00000, 0x0000000704d00000|  0%| F|  |TS  0|AC  0|TAMS 0x0000000704c00000, 0x0000000704c00000|
|  57|0x0000000704d00000, 0x0000000704d00000, 0x0000000704e00000|  0%| F|  |TS  0|AC  0|TAMS 0x0000000704d00000, 0x0000000704d00000|
|  58|0x0000000704e00000, 0x0000000704e00000, 0x0000000704f00000|  0%| F|  |TS  0|AC  0|TAMS 0x0000000704e00000, 0x0000000704e00000|
|  59|0x0000000704f00000, 0x0000000704f00000, 0x0000000705000000|  0%| F|  |TS  0|AC  0|TAMS 0x0000000704f00000, 0x0000000704f00000|
|  60|0x0000000705000000, 0x0000000705000000, 0x0000000705100000|  0%| F|  |TS  0|AC  0|TAMS 0x0000000705000000, 0x0000000705000000|
|  61|0x0000000705100000, 0x0000000705100000, 0x0000000705200000|  0%| F|  |TS  0|AC  0|TAMS 0x0000000705100000, 0x0000000705100000|
|  62|0x0000000705200000, 0x0000000705200000, 0x0000000705300000|  0%| F|  |TS  0|AC  0|TAMS 0x0000000705200000, 0x0000000705200000|
|  63|0x0000000705300000, 0x0000000705300000, 0x0000000705400000|  0%| F|  |TS  0|AC  0|TAMS 0x0000000705300000, 0x0000000705300000|
|  64|0x0000000705400000, 0x0000000705400000, 0x0000000705500000|  0%| F|  |TS  0|AC  0|TAMS 0x0000000705400000, 0x0000000705400000|
|  65|0x0000000705500000, 0x0000000705500000, 0x0000000705600000|  0%| F|  |TS  0|AC  0|TAMS 0x0000000705500000, 0x0000000705500000|
|  66|0x0000000705600000, 0x0000000705600000, 0x0000000705700000|  0%| F|  |TS  0|AC  0|TAMS 0x0000000705600000, 0x0000000705600000|
|  67|0x0000000705700000, 0x0000000705700000, 0x0000000705800000|  0%| F|  |TS  0|AC  0|TAMS 0x0000000705700000, 0x0000000705700000|
|  68|0x0000000705800000, 0x0000000705800000, 0x0000000705900000|  0%| F|  |TS  0|AC  0|TAMS 0x0000000705800000, 0x0000000705800000|
|  69|0x0000000705900000, 0x0000000705900000, 0x0000000705a00000|  0%| F|  |TS  0|AC  0|TAMS 0x0000000705900000, 0x0000000705900000|
|  70|0x0000000705a00000, 0x0000000705a00000, 0x0000000705b00000|  0%| F|  |TS  0|AC  0|TAMS 0x0000000705a00000, 0x0000000705a00000|
|  71|0x0000000705b00000, 0x0000000705b00000, 0x0000000705c00000|  0%| F|  |TS  0|AC  0|TAMS 0x0000000705b00000, 0x0000000705b00000|
|  72|0x0000000705c00000, 0x0000000705c00000, 0x0000000705d00000|  0%| F|  |TS  0|AC  0|TAMS 0x0000000705c00000, 0x0000000705c00000|
|  73|0x0000000705d00000, 0x0000000705d00000, 0x0000000705e00000|  0%| F|  |TS  0|AC  0|TAMS 0x0000000705d00000, 0x0000000705d00000|
|  74|0x0000000705e00000, 0x0000000705e00000, 0x0000000705f00000|  0%| F|  |TS  0|AC  0|TAMS 0x0000000705e00000, 0x0000000705e00000|
|  75|0x0000000705f00000, 0x0000000705f00000, 0x0000000706000000|  0%| F|  |TS  0|AC  0|TAMS 0x0000000705f00000, 0x0000000705f00000|
|  76|0x0000000706000000, 0x0000000706000000, 0x0000000706100000|  0%| F|  |TS  0|AC  0|TAMS 0x0000000706000000, 0x0000000706000000|
|  77|0x0000000706100000, 0x0000000706100000, 0x0000000706200000|  0%| F|  |TS  0|AC  0|TAMS 0x0000000706100000, 0x0000000706100000|
|  78|0x0000000706200000, 0x0000000706200000, 0x0000000706300000|  0%| F|  |TS  0|AC  0|TAMS 0x0000000706200000, 0x0000000706200000|
|  79|0x0000000706300000, 0x0000000706300000, 0x0000000706400000|  0%| F|  |TS  0|AC  0|TAMS 0x0000000706300000, 0x0000000706300000|
|  80|0x0000000706400000, 0x0000000706400000, 0x0000000706500000|  0%| F|  |TS  0|AC  0|TAMS 0x0000000706400000, 0x0000000706400000|
|  81|0x0000000706500000, 0x0000000706500000, 0x0000000706600000|  0%| F|  |TS  0|AC  0|TAMS 0x0000000706500000, 0x0000000706500000|
|  82|0x0000000706600000, 0x0000000706600000, 0x0000000706700000|  0%| F|  |TS  0|AC  0|TAMS 0x0000000706600000, 0x0000000706600000|
|  83|0x0000000706700000, 0x0000000706700000, 0x0000000706800000|  0%| F|  |TS  0|AC  0|TAMS 0x0000000706700000, 0x0000000706700000|
|  84|0x0000000706800000, 0x0000000706800000, 0x0000000706900000|  0%| F|  |TS  0|AC  0|TAMS 0x0000000706800000, 0x0000000706800000|
|  85|0x0000000706900000, 0x0000000706900000, 0x0000000706a00000|  0%| F|  |TS  0|AC  0|TAMS 0x0000000706900000, 0x0000000706900000|
|  86|0x0000000706a00000, 0x0000000706a00000, 0x0000000706b00000|  0%| F|  |TS  0|AC  0|TAMS 0x0000000706a00000, 0x0000000706a00000|
|  87|0x0000000706b00000, 0x0000000706b00000, 0x0000000706c00000|  0%| F|  |TS  0|AC  0|TAMS 0x0000000706b00000, 0x0000000706b00000|
|  88|0x0000000706c00000, 0x0000000706c00000, 0x0000000706d00000|  0%| F|  |TS  0|AC  0|TAMS 0x0000000706c00000, 0x0000000706c00000|
|  89|0x0000000706d00000, 0x0000000706d00000, 0x0000000706e00000|  0%| F|  |TS  0|AC  0|TAMS 0x0000000706d00000, 0x0000000706d00000|
|  90|0x0000000706e00000, 0x0000000706e00000, 0x0000000706f00000|  0%| F|  |TS  0|AC  0|TAMS 0x0000000706e00000, 0x0000000706e00000|
|  91|0x0000000706f00000, 0x0000000706f00000, 0x0000000707000000|  0%| F|  |TS  0|AC  0|TAMS 0x0000000706f00000, 0x0000000706f00000|
|  92|0x0000000707000000, 0x0000000707000000, 0x0000000707100000|  0%| F|  |TS  0|AC  0|TAMS 0x0000000707000000, 0x0000000707000000|
|  93|0x0000000707100000, 0x0000000707100000, 0x0000000707200000|  0%| F|  |TS  0|AC  0|TAMS 0x0000000707100000, 0x0000000707100000|
|  94|0x0000000707200000, 0x0000000707200000, 0x0000000707300000|  0%| F|  |TS  0|AC  0|TAMS 0x0000000707200000, 0x0000000707200000|
|  95|0x0000000707300000, 0x0000000707300000, 0x0000000707400000|  0%| F|  |TS  0|AC  0|TAMS 0x0000000707300000, 0x0000000707300000|
|  96|0x0000000707400000, 0x0000000707400000, 0x0000000707500000|  0%| F|  |TS  0|AC  0|TAMS 0x0000000707400000, 0x0000000707400000|
|  97|0x0000000707500000, 0x0000000707500000, 0x0000000707600000|  0%| F|  |TS  0|AC  0|TAMS 0x0000000707500000, 0x0000000707500000|
|  98|0x0000000707600000, 0x0000000707600000, 0x0000000707700000|  0%| F|  |TS  0|AC  0|TAMS 0x0000000707600000, 0x0000000707600000|
|  99|0x0000000707700000, 0x0000000707700000, 0x0000000707800000|  0%| F|  |TS  0|AC  0|TAMS 0x0000000707700000, 0x0000000707700000|
| 100|0x0000000707800000, 0x0000000707800000, 0x0000000707900000|  0%| F|  |TS  0|AC  0|TAMS 0x0000000707800000, 0x0000000707800000|
| 101|0x0000000707900000, 0x0000000707900000, 0x0000000707a00000|  0%| F|  |TS  0|AC  0|TAMS 0x0000000707900000, 0x0000000707900000|
| 102|0x0000000707a00000, 0x0000000707a00000, 0x0000000707b00000|  0%| F|  |TS  0|AC  0|TAMS 0x0000000707a00000, 0x0000000707a00000|
| 103|0x0000000707b00000, 0x0000000707b00000, 0x0000000707c00000|  0%| F|  |TS  0|AC  0|TAMS 0x0000000707b00000, 0x0000000707b00000|
| 104|0x0000000707c00000, 0x0000000707c00000, 0x0000000707d00000|  0%| F|  |TS  0|AC  0|TAMS 0x0000000707c00000, 0x0000000707c00000|
| 105|0x0000000707d00000, 0x0000000707d00000, 0x0000000707e00000|  0%| F|  |TS  0|AC  0|TAMS 0x0000000707d00000, 0x0000000707d00000|
| 106|0x0000000707e00000, 0x0000000707e00000, 0x0000000707f00000|  0%| F|  |TS  0|AC  0|TAMS 0x0000000707e00000, 0x0000000707e00000|
| 107|0x0000000707f00000, 0x0000000707f00000, 0x0000000708000000|  0%| F|  |TS  0|AC  0|TAMS 0x0000000707f00000, 0x0000000707f00000|
| 108|0x0000000708000000, 0x0000000708000000, 0x0000000708100000|  0%| F|  |TS  0|AC  0|TAMS 0x0000000708000000, 0x0000000708000000|
| 109|0x0000000708100000, 0x0000000708100000, 0x0000000708200000|  0%| F|  |TS  0|AC  0|TAMS 0x0000000708100000, 0x0000000708100000|
| 110|0x0000000708200000, 0x0000000708200000, 0x0000000708300000|  0%| F|  |TS  0|AC  0|TAMS 0x0000000708200000, 0x0000000708200000|
| 111|0x0000000708300000, 0x0000000708300000, 0x0000000708400000|  0%| F|  |TS  0|AC  0|TAMS 0x0000000708300000, 0x0000000708300000|
| 112|0x0000000708400000, 0x0000000708400000, 0x0000000708500000|  0%| F|  |TS  0|AC  0|TAMS 0x0000000708400000, 0x0000000708400000|
| 113|0x0000000708500000, 0x0000000708500000, 0x0000000708600000|  0%| F|  |TS  0|AC  0|TAMS 0x0000000708500000, 0x0000000708500000|
| 114|0x0000000708600000, 0x0000000708600000, 0x0000000708700000|  0%| F|  |TS  0|AC  0|TAMS 0x0000000708600000, 0x0000000708600000|
| 115|0x0000000708700000, 0x0000000708700000, 0x0000000708800000|  0%| F|  |TS  0|AC  0|TAMS 0x0000000708700000, 0x0000000708700000|
| 116|0x0000000708800000, 0x0000000708800000, 0x0000000708900000|  0%| F|  |TS  0|AC  0|TAMS 0x0000000708800000, 0x0000000708800000|
| 117|0x0000000708900000, 0x0000000708900000, 0x0000000708a00000|  0%| F|  |TS  0|AC  0|TAMS 0x0000000708900000, 0x0000000708900000|
| 118|0x0000000708a00000, 0x0000000708a00000, 0x0000000708b00000|  0%| F|  |TS  0|AC  0|TAMS 0x0000000708a00000, 0x0000000708a00000|
| 119|0x0000000708b00000, 0x0000000708b00000, 0x0000000708c00000|  0%| F|  |TS  0|AC  0|TAMS 0x0000000708b00000, 0x0000000708b00000|
| 120|0x0000000708c00000, 0x0000000708c00000, 0x0000000708d00000|  0%| F|  |TS  0|AC  0|TAMS 0x0000000708c00000, 0x0000000708c00000|
| 121|0x0000000708d00000, 0x0000000708d00000, 0x0000000708e00000|  0%| F|  |TS  0|AC  0|TAMS 0x0000000708d00000, 0x0000000708d00000|
| 122|0x0000000708e00000, 0x0000000708e00000, 0x0000000708f00000|  0%| F|  |TS  0|AC  0|TAMS 0x0000000708e00000, 0x0000000708e00000|
| 123|0x0000000708f00000, 0x0000000708f00000, 0x0000000709000000|  0%| F|  |TS  0|AC  0|TAMS 0x0000000708f00000, 0x0000000708f00000|
| 124|0x0000000709000000, 0x0000000709000000, 0x0000000709100000|  0%| F|  |TS  0|AC  0|TAMS 0x0000000709000000, 0x0000000709000000|
| 125|0x0000000709100000, 0x0000000709100000, 0x0000000709200000|  0%| F|  |TS  0|AC  0|TAMS 0x0000000709100000, 0x0000000709100000|
| 126|0x0000000709200000, 0x0000000709200000, 0x0000000709300000|  0%| F|  |TS  0|AC  0|TAMS 0x0000000709200000, 0x0000000709200000|
| 127|0x0000000709300000, 0x0000000709300000, 0x0000000709400000|  0%| F|  |TS  0|AC  0|TAMS 0x0000000709300000, 0x0000000709300000|
| 128|0x0000000709400000, 0x0000000709400000, 0x0000000709500000|  0%| F|  |TS  0|AC  0|TAMS 0x0000000709400000, 0x0000000709400000|
| 129|0x0000000709500000, 0x0000000709500000, 0x0000000709600000|  0%| F|  |TS  0|AC  0|TAMS 0x0000000709500000, 0x0000000709500000|
| 130|0x0000000709600000, 0x0000000709600000, 0x0000000709700000|  0%| F|  |TS  0|AC  0|TAMS 0x0000000709600000, 0x0000000709600000|
| 131|0x0000000709700000, 0x0000000709700000, 0x0000000709800000|  0%| F|  |TS  0|AC  0|TAMS 0x0000000709700000, 0x0000000709700000|
| 132|0x0000000709800000, 0x0000000709800000, 0x0000000709900000|  0%| F|  |TS  0|AC  0|TAMS 0x0000000709800000, 0x0000000709800000|
| 133|0x0000000709900000, 0x0000000709900000, 0x0000000709a00000|  0%| F|  |TS  0|AC  0|TAMS 0x0000000709900000, 0x0000000709900000|
| 134|0x0000000709a00000, 0x0000000709a00000, 0x0000000709b00000|  0%| F|  |TS  0|AC  0|TAMS 0x0000000709a00000, 0x0000000709a00000|
| 135|0x0000000709b00000, 0x0000000709b00000, 0x0000000709c00000|  0%| F|  |TS  0|AC  0|TAMS 0x0000000709b00000, 0x0000000709b00000|
| 136|0x0000000709c00000, 0x0000000709c00000, 0x0000000709d00000|  0%| F|  |TS  0|AC  0|TAMS 0x0000000709c00000, 0x0000000709c00000|
| 137|0x0000000709d00000, 0x0000000709d00000, 0x0000000709e00000|  0%| F|  |TS  0|AC  0|TAMS 0x0000000709d00000, 0x0000000709d00000|
| 138|0x0000000709e00000, 0x0000000709e00000, 0x0000000709f00000|  0%| F|  |TS  0|AC  0|TAMS 0x0000000709e00000, 0x0000000709e00000|
| 139|0x0000000709f00000, 0x0000000709f00000, 0x000000070a000000|  0%| F|  |TS  0|AC  0|TAMS 0x0000000709f00000, 0x0000000709f00000|
| 140|0x000000070a000000, 0x000000070a000000, 0x000000070a100000|  0%| F|  |TS  0|AC  0|TAMS 0x000000070a000000, 0x000000070a000000|
| 141|0x000000070a100000, 0x000000070a100000, 0x000000070a200000|  0%| F|  |TS  0|AC  0|TAMS 0x000000070a100000, 0x000000070a100000|
| 142|0x000000070a200000, 0x000000070a200000, 0x000000070a300000|  0%| F|  |TS  0|AC  0|TAMS 0x000000070a200000, 0x000000070a200000|
| 143|0x000000070a300000, 0x000000070a300000, 0x000000070a400000|  0%| F|  |TS  0|AC  0|TAMS 0x000000070a300000, 0x000000070a300000|
| 144|0x000000070a400000, 0x000000070a400000, 0x000000070a500000|  0%| F|  |TS  0|AC  0|TAMS 0x000000070a400000, 0x000000070a400000|
| 145|0x000000070a500000, 0x000000070a500000, 0x000000070a600000|  0%| F|  |TS  0|AC  0|TAMS 0x000000070a500000, 0x000000070a500000|
| 146|0x000000070a600000, 0x000000070a600000, 0x000000070a700000|  0%| F|  |TS  0|AC  0|TAMS 0x000000070a600000, 0x000000070a600000|
| 147|0x000000070a700000, 0x000000070a700000, 0x000000070a800000|  0%| F|  |TS  0|AC  0|TAMS 0x000000070a700000, 0x000000070a700000|
| 148|0x000000070a800000, 0x000000070a800000, 0x000000070a900000|  0%| F|  |TS  0|AC  0|TAMS 0x000000070a800000, 0x000000070a800000|
| 149|0x000000070a900000, 0x000000070a900000, 0x000000070aa00000|  0%| F|  |TS  0|AC  0|TAMS 0x000000070a900000, 0x000000070a900000|
| 150|0x000000070aa00000, 0x000000070aa00000, 0x000000070ab00000|  0%| F|  |TS  0|AC  0|TAMS 0x000000070aa00000, 0x000000070aa00000|
| 151|0x000000070ab00000, 0x000000070ab00000, 0x000000070ac00000|  0%| F|  |TS  0|AC  0|TAMS 0x000000070ab00000, 0x000000070ab00000|
| 152|0x000000070ac00000, 0x000000070ac00000, 0x000000070ad00000|  0%| F|  |TS  0|AC  0|TAMS 0x000000070ac00000, 0x000000070ac00000|
| 153|0x000000070ad00000, 0x000000070ad00000, 0x000000070ae00000|  0%| F|  |TS  0|AC  0|TAMS 0x000000070ad00000, 0x000000070ad00000|
| 154|0x000000070ae00000, 0x000000070ae00000, 0x000000070af00000|  0%| F|  |TS  0|AC  0|TAMS 0x000000070ae00000, 0x000000070ae00000|
| 155|0x000000070af00000, 0x000000070af00000, 0x000000070b000000|  0%| F|  |TS  0|AC  0|TAMS 0x000000070af00000, 0x000000070af00000|
| 156|0x000000070b000000, 0x000000070b000000, 0x000000070b100000|  0%| F|  |TS  0|AC  0|TAMS 0x000000070b000000, 0x000000070b000000|
| 157|0x000000070b100000, 0x000000070b100000, 0x000000070b200000|  0%| F|  |TS  0|AC  0|TAMS 0x000000070b100000, 0x000000070b100000|
| 158|0x000000070b200000, 0x000000070b200000, 0x000000070b300000|  0%| F|  |TS  0|AC  0|TAMS 0x000000070b200000, 0x000000070b200000|
| 159|0x000000070b300000, 0x000000070b300000, 0x000000070b400000|  0%| F|  |TS  0|AC  0|TAMS 0x000000070b300000, 0x000000070b300000|
| 160|0x000000070b400000, 0x000000070b400000, 0x000000070b500000|  0%| F|  |TS  0|AC  0|TAMS 0x000000070b400000, 0x000000070b400000|
| 161|0x000000070b500000, 0x000000070b500000, 0x000000070b600000|  0%| F|  |TS  0|AC  0|TAMS 0x000000070b500000, 0x000000070b500000|
| 162|0x000000070b600000, 0x000000070b600000, 0x000000070b700000|  0%| F|  |TS  0|AC  0|TAMS 0x000000070b600000, 0x000000070b600000|
| 163|0x000000070b700000, 0x000000070b700000, 0x000000070b800000|  0%| F|  |TS  0|AC  0|TAMS 0x000000070b700000, 0x000000070b700000|
| 164|0x000000070b800000, 0x000000070b800000, 0x000000070b900000|  0%| F|  |TS  0|AC  0|TAMS 0x000000070b800000, 0x000000070b800000|
| 165|0x000000070b900000, 0x000000070ba00000, 0x000000070ba00000|100%| S|CS|TS  1|AC  0|TAMS 0x000000070b900000, 0x000000070b900000|
| 166|0x000000070ba00000, 0x000000070bb00000, 0x000000070bb00000|100%| S|CS|TS  1|AC  0|TAMS 0x000000070ba00000, 0x000000070ba00000|
| 167|0x000000070bb00000, 0x000000070bc00000, 0x000000070bc00000|100%| S|CS|TS  1|AC  0|TAMS 0x000000070bb00000, 0x000000070bb00000|
| 168|0x000000070bc00000, 0x000000070bc00000, 0x000000070bd00000|  0%| F|  |TS  1|AC  0|TAMS 0x000000070bc00000, 0x000000070bc00000|
| 169|0x000000070bd00000, 0x000000070bd00000, 0x000000070be00000|  0%| F|  |TS  1|AC  0|TAMS 0x000000070bd00000, 0x000000070bd00000|
| 170|0x000000070be00000, 0x000000070be00000, 0x000000070bf00000|  0%| F|  |TS  1|AC  0|TAMS 0x000000070be00000, 0x000000070be00000|
| 171|0x000000070bf00000, 0x000000070bf00000, 0x000000070c000000|  0%| F|  |TS  1|AC  0|TAMS 0x000000070bf00000, 0x000000070bf00000|
| 172|0x000000070c000000, 0x000000070c000000, 0x000000070c100000|  0%| F|  |TS  1|AC  0|TAMS 0x000000070c000000, 0x000000070c000000|
| 173|0x000000070c100000, 0x000000070c100000, 0x000000070c200000|  0%| F|  |TS  1|AC  0|TAMS 0x000000070c100000, 0x000000070c100000|
| 174|0x000000070c200000, 0x000000070c200000, 0x000000070c300000|  0%| F|  |TS  1|AC  0|TAMS 0x000000070c200000, 0x000000070c200000|
| 175|0x000000070c300000, 0x000000070c300000, 0x000000070c400000|  0%| F|  |TS  1|AC  0|TAMS 0x000000070c300000, 0x000000070c300000|
| 176|0x000000070c400000, 0x000000070c400000, 0x000000070c500000|  0%| F|  |TS  1|AC  0|TAMS 0x000000070c400000, 0x000000070c400000|
| 177|0x000000070c500000, 0x000000070c500000, 0x000000070c600000|  0%| F|  |TS  1|AC  0|TAMS 0x000000070c500000, 0x000000070c500000|
| 178|0x000000070c600000, 0x000000070c600000, 0x000000070c700000|  0%| F|  |TS  1|AC  0|TAMS 0x000000070c600000, 0x000000070c600000|
| 179|0x000000070c700000, 0x000000070c700000, 0x000000070c800000|  0%| F|  |TS  1|AC  0|TAMS 0x000000070c700000, 0x000000070c700000|
| 180|0x000000070c800000, 0x000000070c800000, 0x000000070c900000|  0%| F|  |TS  1|AC  0|TAMS 0x000000070c800000, 0x000000070c800000|
| 181|0x000000070c900000, 0x000000070c900000, 0x000000070ca00000|  0%| F|  |TS  1|AC  0|TAMS 0x000000070c900000, 0x000000070c900000|
| 182|0x000000070ca00000, 0x000000070ca00000, 0x000000070cb00000|  0%| F|  |TS  1|AC  0|TAMS 0x000000070ca00000, 0x000000070ca00000|
| 183|0x000000070cb00000, 0x000000070cb00000, 0x000000070cc00000|  0%| F|  |TS  1|AC  0|TAMS 0x000000070cb00000, 0x000000070cb00000|
| 184|0x000000070cc00000, 0x000000070cc00000, 0x000000070cd00000|  0%| F|  |TS  1|AC  0|TAMS 0x000000070cc00000, 0x000000070cc00000|
| 185|0x000000070cd00000, 0x000000070cd00000, 0x000000070ce00000|  0%| F|  |TS  1|AC  0|TAMS 0x000000070cd00000, 0x000000070cd00000|
| 186|0x000000070ce00000, 0x000000070ce00000, 0x000000070cf00000|  0%| F|  |TS  1|AC  0|TAMS 0x000000070ce00000, 0x000000070ce00000|
| 187|0x000000070cf00000, 0x000000070cf00000, 0x000000070d000000|  0%| F|  |TS  1|AC  0|TAMS 0x000000070cf00000, 0x000000070cf00000|
| 188|0x000000070d000000, 0x000000070d000000, 0x000000070d100000|  0%| F|  |TS  1|AC  0|TAMS 0x000000070d000000, 0x000000070d000000|
| 189|0x000000070d100000, 0x000000070d100000, 0x000000070d200000|  0%| F|  |TS  1|AC  0|TAMS 0x000000070d100000, 0x000000070d100000|
| 190|0x000000070d200000, 0x000000070d200000, 0x000000070d300000|  0%| F|  |TS  1|AC  0|TAMS 0x000000070d200000, 0x000000070d200000|
| 191|0x000000070d300000, 0x000000070d400000, 0x000000070d400000|100%| E|  |TS  1|AC  0|TAMS 0x000000070d300000, 0x000000070d300000|

Card table byte_map: [0x00000114f1c50000,0x00000114f2250000] byte_map_base: 0x00000114ee446000

Marking Bits (Prev, Next): (CMBitMap*) 0x00000114d57aded0, (CMBitMap*) 0x00000114d57adf08
 Prev Bits: [0x00000114f2850000, 0x00000114f5800000)
 Next Bits: [0x00000114f5800000, 0x00000114f87b0000)

Polling page: 0x00000114d3480000

CodeHeap 'non-profiled nmethods': size=120000Kb used=491Kb max_used=491Kb free=119508Kb
 bounds [0x00000114e91b0000, 0x00000114e9420000, 0x00000114f06e0000]
CodeHeap 'profiled nmethods': size=120000Kb used=2117Kb max_used=2117Kb free=117882Kb
 bounds [0x00000114e1c80000, 0x00000114e1ef0000, 0x00000114e91b0000]
CodeHeap 'non-nmethods': size=5760Kb used=1314Kb max_used=1347Kb free=4445Kb
 bounds [0x00000114e16e0000, 0x00000114e1950000, 0x00000114e1c80000]
 total_blobs=1960 nmethods=1204 adapters=431
 compilation: enabled

Compilation events (10 events):
Event: 0.778 Thread 0x00000114fb3e3800 nmethod 1192 0x00000114e1e8ce90 code [0x00000114e1e8d040, 0x00000114e1e8d290]
Event: 0.779 Thread 0x00000114fb3e3800 1193       3       java.lang.StringBuilder::<init> (6 bytes)
Event: 0.779 Thread 0x00000114fb3e3800 nmethod 1193 0x00000114e1e8d390 code [0x00000114e1e8d540, 0x00000114e1e8d6d0]
Event: 0.780 Thread 0x00000114fb3e3800 1194       3       java.net.URLStreamHandler::setURL (40 bytes)
Event: 0.780 Thread 0x00000114fb3e3800 nmethod 1194 0x00000114e1e8d790 code [0x00000114e1e8d960, 0x00000114e1e8dd60]
Event: 1.418 Thread 0x00000114fb3e3800 1195       3       sun.invoke.util.Wrapper::forBasicType (16 bytes)
Event: 1.418 Thread 0x00000114fb3e3800 nmethod 1195 0x00000114e1e8de90 code [0x00000114e1e8e040, 0x00000114e1e8e2b0]
Event: 1.425 Thread 0x00000114fb3e3800 1199   !   3       java.lang.ref.ReferenceQueue::enqueue (119 bytes)
Event: 1.425 Thread 0x00000114fb3e3800 nmethod 1199 0x00000114e1e8e390 code [0x00000114e1e8e580, 0x00000114e1e8ee10]
Event: 1.425 Thread 0x00000114fb3e3800 1200       3       jdk.internal.misc.VM::addFinalRefCount (24 bytes)

GC Heap History (2 events):
Event: 1.420 GC heap before
{Heap before GC invocations=0 (full 0):
 garbage-first heap   total 196608K, used 24576K [0x0000000701400000, 0x0000000701500600, 0x00000007c0000000)
  region size 1024K, 24 young (24576K), 0 survivors (0K)
 Metaspace       used 15586K, capacity 16486K, committed 16896K, reserved 1064960K
  class space    used 1720K, capacity 1931K, committed 2048K, reserved 1048576K
}
Event: 1.424 GC heap after
{Heap after GC invocations=1 (full 0):
 garbage-first heap   total 196608K, used 3385K [0x0000000701400000, 0x0000000701500600, 0x00000007c0000000)
  region size 1024K, 3 young (3072K), 3 survivors (3072K)
 Metaspace       used 15586K, capacity 16486K, committed 16896K, reserved 1064960K
  class space    used 1720K, capacity 1931K, committed 2048K, reserved 1048576K
}

Deoptimization events (10 events):
Event: 0.659 Thread 0x00000114d5721000 Uncommon trap: reason=unstable_if action=reinterpret pc=0x00000114e91f7b7c method=java.lang.invoke.InvokerBytecodeGenerator.isStaticallyNameable(Ljava/lang/Class;)Z @ 12 c2
Event: 0.659 Thread 0x00000114d5721000 Uncommon trap: reason=unstable_if action=reinterpret pc=0x00000114e91fcf88 method=jdk.internal.org.objectweb.asm.Frame.execute(IILjdk/internal/org/objectweb/asm/ClassWriter;Ljdk/internal/org/objectweb/asm/Item;)V @ 2207 c2
Event: 0.665 Thread 0x00000114d5721000 Uncommon trap: reason=unstable_if action=reinterpret pc=0x00000114e9210888 method=java.util.HashMap.getNode(ILjava/lang/Object;)Ljava/util/HashMap$Node; @ 62 c2
Event: 0.665 Thread 0x00000114d5721000 Uncommon trap: reason=class_check action=maybe_recompile pc=0x00000114e9205a00 method=java.util.HashMap.putVal(ILjava/lang/Object;Ljava/lang/Object;ZZ)Ljava/lang/Object; @ 91 c2
Event: 0.665 Thread 0x00000114d5721000 Uncommon trap: reason=class_check action=maybe_recompile pc=0x00000114e9205a00 method=java.util.HashMap.putVal(ILjava/lang/Object;Ljava/lang/Object;ZZ)Ljava/lang/Object; @ 91 c2
Event: 0.672 Thread 0x00000114d5721000 Uncommon trap: reason=unstable_if action=reinterpret pc=0x00000114e9216140 method=java.util.HashMap.getNode(ILjava/lang/Object;)Ljava/util/HashMap$Node; @ 129 c2
Event: 0.676 Thread 0x00000114d5721000 Uncommon trap: reason=class_check action=maybe_recompile pc=0x00000114e921822c method=java.io.DataOutputStream.writeByte(I)V @ 5 c2
Event: 0.677 Thread 0x00000114d5721000 Uncommon trap: reason=class_check action=maybe_recompile pc=0x00000114e921822c method=java.io.DataOutputStream.writeByte(I)V @ 5 c2
Event: 0.677 Thread 0x00000114d5721000 Uncommon trap: reason=class_check action=maybe_recompile pc=0x00000114e921822c method=java.io.DataOutputStream.writeByte(I)V @ 5 c2
Event: 0.677 Thread 0x00000114d5721000 Uncommon trap: reason=class_check action=maybe_recompile pc=0x00000114e921822c method=java.io.DataOutputStream.writeByte(I)V @ 5 c2

Classes redefined (0 events):
No events

Internal exceptions (10 events):
Event: 0.457 Thread 0x00000114d5721000 Exception <a 'java/lang/NoSuchMethodError'{0x000000070c4eb0e0}: java.lang.invoke.DirectMethodHandle$Holder.invokeStatic(Ljava/lang/Object;Ljava/lang/Object;Ljava/lang/Object;Ljava/lang/Object;Ljava/lang/Object;Ljava/lang/Object;Ljava/lang/Object;Ljava/lan
Event: 0.459 Thread 0x00000114d5721000 Exception <a 'java/lang/NoSuchMethodError'{0x000000070c30d4c8}: java.lang.invoke.DirectMethodHandle$Holder.invokeStatic(Ljava/lang/Object;Ljava/lang/Object;Ljava/lang/Object;Ljava/lang/Object;Ljava/lang/Object;Ljava/lang/Object;Ljava/lang/Object;Ljava/lan
Event: 0.507 Thread 0x00000114d5721000 Exception <a 'java/lang/NoSuchMethodError'{0x000000070c25bd98}: java.lang.invoke.DirectMethodHandle$Holder.invokeStatic(Ljava/lang/Object;IIII)Ljava/lang/Object;> (0x000000070c25bd98) thrown at [t:/workspace/hotspot/src/share/vm/interpreter/linkResolver.c
Event: 0.508 Thread 0x00000114d5721000 Exception <a 'java/lang/NoSuchMethodError'{0x000000070c25efe8}: java.lang.invoke.DirectMethodHandle$Holder.invokeStaticInit(Ljava/lang/Object;IIII)Ljava/lang/Object;> (0x000000070c25efe8) thrown at [t:/workspace/hotspot/src/share/vm/interpreter/linkResolv
Event: 0.583 Thread 0x00000114d5721000 Exception <a 'java/lang/NoSuchMethodError'{0x000000070c2a0460}: java.lang.invoke.DirectMethodHandle$Holder.invokeStatic(Ljava/lang/Object;Ljava/lang/Object;IIII)Ljava/lang/Object;> (0x000000070c2a0460) thrown at [t:/workspace/hotspot/src/share/vm/interpre
Event: 0.583 Thread 0x00000114d5721000 Exception <a 'java/lang/NoSuchMethodError'{0x000000070c2a3918}: java.lang.invoke.DirectMethodHandle$Holder.invokeStaticInit(Ljava/lang/Object;Ljava/lang/Object;IIII)Ljava/lang/Object;> (0x000000070c2a3918) thrown at [t:/workspace/hotspot/src/share/vm/inte
Event: 0.634 Thread 0x00000114d5721000 Exception <a 'java/lang/NoSuchMethodError'{0x000000070c1713a0}: java.lang.Object.lambda$union$2(Ljava/util/regex/Pattern$CharPredicate;I)Z> (0x000000070c1713a0) thrown at [t:/workspace/hotspot/src/share/vm/interpreter/linkResolver.cpp, line 731]
Event: 0.646 Thread 0x00000114d5721000 Exception <a 'java/lang/NoSuchMethodError'{0x000000070c1f2928}: java.lang.invoke.DirectMethodHandle$Holder.invokeInterface(Ljava/lang/Object;Ljava/lang/Object;Ljava/lang/Object;)I> (0x000000070c1f2928) thrown at [t:/workspace/hotspot/src/share/vm/interpre
Event: 0.657 Thread 0x00000114d5721000 Exception <a 'java/lang/NoSuchMethodError'{0x000000070c054c78}: java.lang.invoke.DirectMethodHandle$Holder.invokeStatic(Ljava/lang/Object;Ljava/lang/Object;)I> (0x000000070c054c78) thrown at [t:/workspace/hotspot/src/share/vm/interpreter/linkResolver.cpp,
Event: 0.659 Thread 0x00000114d5721000 Exception <a 'java/lang/NoSuchMethodError'{0x000000070c065cd8}: java.lang.Object.of([Ljava/lang/Object;)Ljava/util/stream/Stream;> (0x000000070c065cd8) thrown at [t:/workspace/hotspot/src/share/vm/interpreter/linkResolver.cpp, line 731]

Events (10 events):
Event: 1.418 loading class java/util/IdentityHashMap$KeyIterator
Event: 1.418 loading class java/util/IdentityHashMap$KeyIterator done
Event: 1.419 Thread 0x00000114fc6b2800 Thread added: 0x00000114fc6b2800
Event: 1.419 Thread 0x00000114fe1ac000 Thread added: 0x00000114fe1ac000
Event: 1.419 Thread 0x00000114fdeb5800 Thread added: 0x00000114fdeb5800
Event: 1.420 Executing VM operation: G1IncCollectionPause
Event: 1.424 Executing VM operation: G1IncCollectionPause done
Event: 1.425 Thread 0x00000114fc2e3000 Thread exited: 0x00000114fc2e3000
Event: 1.425 loading class java/util/Vector$Itr
Event: 1.425 loading class java/util/Vector$Itr done


Dynamic libraries:
0x00007ff786e00000 - 0x00007ff786e3e000 	C:\Program Files\Java\jdk-9.0.1\bin\java.exe
0x00007fff42ba0000 - 0x00007fff42d80000 	C:\WINDOWS\SYSTEM32\ntdll.dll
0x00007fff401f0000 - 0x00007fff4029e000 	C:\WINDOWS\System32\KERNEL32.DLL
0x00007fff3f240000 - 0x00007fff3f4a6000 	C:\WINDOWS\System32\KERNELBASE.dll
0x00007fff429b0000 - 0x00007fff42a51000 	C:\WINDOWS\System32\ADVAPI32.dll
0x00007fff42840000 - 0x00007fff428dd000 	C:\WINDOWS\System32\msvcrt.dll
0x00007fff40130000 - 0x00007fff4018b000 	C:\WINDOWS\System32\sechost.dll
0x00007fff42720000 - 0x00007fff4283f000 	C:\WINDOWS\System32\RPCRT4.dll
0x00007fff42060000 - 0x00007fff421ef000 	C:\WINDOWS\System32\USER32.dll
0x00007fff3f810000 - 0x00007fff3f830000 	C:\WINDOWS\System32\win32u.dll
0x00007fff42980000 - 0x00007fff429a8000 	C:\WINDOWS\System32\GDI32.dll
0x00007fff3f0a0000 - 0x00007fff3f233000 	C:\WINDOWS\System32\gdi32full.dll
0x00007fff3ff80000 - 0x00007fff4001b000 	C:\WINDOWS\System32\msvcp_win.dll
0x00007fff3efa0000 - 0x00007fff3f096000 	C:\WINDOWS\System32\ucrtbase.dll
0x00007fff340e0000 - 0x00007fff34349000 	C:\WINDOWS\WinSxS\amd64_microsoft.windows.common-controls_6595b64144ccf1df_6.0.16299.98_none_cc930a042215c348\COMCTL32.dll
0x00007fff387f0000 - 0x00007fff387fa000 	C:\WINDOWS\SYSTEM32\VERSION.dll
0x00007fff42410000 - 0x00007fff42718000 	C:\WINDOWS\System32\combase.dll
0x00007fff3f560000 - 0x00007fff3f5d2000 	C:\WINDOWS\System32\bcryptPrimitives.dll
0x00007fff400d0000 - 0x00007fff400fd000 	C:\WINDOWS\System32\IMM32.DLL
0x00007fff35b20000 - 0x00007fff35c0f000 	C:\Program Files\Java\jdk-9.0.1\bin\msvcr120.dll
0x00007fff16e10000 - 0x00007fff16eb6000 	C:\Program Files\Java\jdk-9.0.1\bin\msvcp120.dll
0x000000006ac50000 - 0x000000006b674000 	C:\Program Files\Java\jdk-9.0.1\bin\server\jvm.dll
0x00007fff40100000 - 0x00007fff40108000 	C:\WINDOWS\System32\PSAPI.DLL
0x00007fff3d020000 - 0x00007fff3d043000 	C:\WINDOWS\SYSTEM32\WINMM.dll
0x00007fff2d340000 - 0x00007fff2d349000 	C:\WINDOWS\SYSTEM32\WSOCK32.dll
0x00007fff41a30000 - 0x00007fff41a9c000 	C:\WINDOWS\System32\WS2_32.dll
0x00007fff3cbd0000 - 0x00007fff3cbfa000 	C:\WINDOWS\SYSTEM32\WINMMBASE.dll
0x00007fff40020000 - 0x00007fff4006a000 	C:\WINDOWS\System32\cfgmgr32.dll
0x00007fff3d240000 - 0x00007fff3d24f000 	C:\Program Files\Java\jdk-9.0.1\bin\verify.dll
0x00007fff1f260000 - 0x00007fff1f287000 	C:\Program Files\Java\jdk-9.0.1\bin\java.dll
0x00007fff171b0000 - 0x00007fff171da000 	C:\Program Files\Java\jdk-9.0.1\bin\instrument.dll
0x00007fff26d40000 - 0x00007fff26d56000 	C:\Program Files\Java\jdk-9.0.1\bin\zip.dll
0x00007fff35b10000 - 0x00007fff35b1a000 	C:\Program Files\Java\jdk-9.0.1\bin\jimage.dll
0x00007fff405f0000 - 0x00007fff41a26000 	C:\WINDOWS\System32\SHELL32.dll
0x00007fff404c0000 - 0x00007fff40566000 	C:\WINDOWS\System32\shcore.dll
0x00007fff3f830000 - 0x00007fff3ff77000 	C:\WINDOWS\System32\windows.storage.dll
0x00007fff40070000 - 0x00007fff400c1000 	C:\WINDOWS\System32\shlwapi.dll
0x00007fff3ef60000 - 0x00007fff3ef71000 	C:\WINDOWS\System32\kernel.appcore.dll
0x00007fff3ef10000 - 0x00007fff3ef5c000 	C:\WINDOWS\System32\powrprof.dll
0x00007fff3ef80000 - 0x00007fff3ef9b000 	C:\WINDOWS\System32\profapi.dll
0x00007fff1e950000 - 0x00007fff1e96a000 	C:\Program Files\Java\jdk-9.0.1\bin\net.dll
0x00007fff3a9a0000 - 0x00007fff3aa7e000 	C:\WINDOWS\SYSTEM32\WINHTTP.dll
0x00007fff3e780000 - 0x00007fff3e7e6000 	C:\WINDOWS\system32\mswsock.dll
0x00007fff1d940000 - 0x00007fff1d951000 	C:\Program Files\Java\jdk-9.0.1\bin\nio.dll
0x00007fff1b6b0000 - 0x00007fff1b6ca000 	D:\Program Files\JetBrains\IntelliJ IDEA Community Edition 2017.2.5\bin\breakgen64.dll
0x00007fff0ce60000 - 0x00007fff0cff9000 	C:\Program Files\Java\jdk-9.0.1\bin\awt.dll
0x00007fff402a0000 - 0x00007fff40365000 	C:\WINDOWS\System32\OLEAUT32.dll
0x00007fff3c330000 - 0x00007fff3c8e8000 	C:\WINDOWS\SYSTEM32\d2d1.dll
0x00007fff3f640000 - 0x00007fff3f80e000 	C:\WINDOWS\System32\CRYPT32.dll
0x00007fff3eef0000 - 0x00007fff3ef02000 	C:\WINDOWS\System32\MSASN1.dll
0x00007fff3d250000 - 0x00007fff3d2d8000 	C:\WINDOWS\SYSTEM32\apphelp.dll
0x00007fff3d6c0000 - 0x00007fff3d6ea000 	C:\WINDOWS\system32\DWMAPI.DLL
0x00007fff3d3b0000 - 0x00007fff3d445000 	C:\WINDOWS\system32\uxtheme.dll
0x00007fff285b0000 - 0x00007fff286ce000 	C:\WINDOWS\system32\opengl32.dll
0x00007fff34a90000 - 0x00007fff34abc000 	C:\WINDOWS\SYSTEM32\GLU32.dll
0x00007fff41aa0000 - 0x00007fff41c07000 	C:\WINDOWS\System32\MSCTF.dll
0x00007fff40370000 - 0x00007fff404b9000 	C:\WINDOWS\System32\ole32.dll
0x00007fff11e20000 - 0x00007fff11ebd000 	C:\Program Files\Java\jdk-9.0.1\bin\fontmanager.dll
0x00007fff116e0000 - 0x00007fff11722000 	C:\Program Files\Java\jdk-9.0.1\bin\t2k.dll
0x00007fff3e940000 - 0x00007fff3e957000 	C:\WINDOWS\SYSTEM32\CRYPTSP.dll
0x00007fff3e390000 - 0x00007fff3e3c3000 	C:\WINDOWS\system32\rsaenh.dll
0x00007fff3ea50000 - 0x00007fff3ea75000 	C:\WINDOWS\SYSTEM32\bcrypt.dll
0x00007fff3ee20000 - 0x00007fff3ee49000 	C:\WINDOWS\SYSTEM32\USERENV.dll
0x00007fff3e960000 - 0x00007fff3e96b000 	C:\WINDOWS\SYSTEM32\CRYPTBASE.dll
0x00007fff3e510000 - 0x00007fff3e549000 	C:\WINDOWS\SYSTEM32\IPHLPAPI.DLL
0x00007fff40570000 - 0x00007fff40578000 	C:\WINDOWS\System32\NSI.dll
0x00007fff39e20000 - 0x00007fff39e36000 	C:\WINDOWS\SYSTEM32\dhcpcsvc6.DLL
0x00007fff3a070000 - 0x00007fff3a08a000 	C:\WINDOWS\SYSTEM32\dhcpcsvc.DLL
0x000000006c900000 - 0x000000006c92e000 	D:\Program Files\VideoLAN\VLC\libvlc.dll
0x000000006a9a0000 - 0x000000006ac4d000 	D:\Program Files\VideoLAN\VLC\libvlccore.dll
0x000000006c850000 - 0x000000006c8f2000 	D:\Program Files\VideoLAN\VLC\plugins\access\libdshow_plugin.dll
0x000000006c830000 - 0x000000006c844000 	D:\Program Files\VideoLAN\VLC\plugins\audio_output\libdirectsound_plugin.dll
0x000000006c810000 - 0x000000006c823000 	D:\Program Files\VideoLAN\VLC\plugins\audio_output\libwaveout_plugin.dll
0x000000006c7f0000 - 0x000000006c80f000 	D:\Program Files\VideoLAN\VLC\plugins\video_output\libdirect3d_plugin.dll
0x000000006c7d0000 - 0x000000006c7ed000 	D:\Program Files\VideoLAN\VLC\plugins\video_output\libdirectdraw_plugin.dll
0x00007fff13c60000 - 0x00007fff13cef000 	C:\WINDOWS\SYSTEM32\DSOUND.DLL
0x00007fff428e0000 - 0x00007fff4297e000 	C:\WINDOWS\System32\clbcatq.dll
0x00007fff38890000 - 0x00007fff388ff000 	C:\WINDOWS\System32\MMDevApi.dll
0x00007fff3b780000 - 0x00007fff3b931000 	C:\WINDOWS\System32\PROPSYS.dll
0x00007fff3ed00000 - 0x00007fff3ed27000 	C:\WINDOWS\System32\DEVOBJ.dll
0x00007fff2ec80000 - 0x00007fff2ee48000 	C:\WINDOWS\SYSTEM32\dbghelp.dll

VM Arguments:
jvm_args: -javaagent:D:\Program Files\JetBrains\IntelliJ IDEA Community Edition 2017.2.5\lib\idea_rt.jar=53709:D:\Program Files\JetBrains\IntelliJ IDEA Community Edition 2017.2.5\bin -Dfile.encoding=UTF-8 
java_command: TCPServer
java_class_path (initial): C:\Users\Marcin\IdeaProjects\serverinz\out\production\serverinz;E:\vlcj-3.0.1.jar;E:\jna-3.1.0.jar
Launcher Type: SUN_STANDARD

Logging:
Log output configuration:
#0: stdout all=warning uptime,level,tags
#1: stderr all=off uptime,level,tags

Environment Variables:
CLASSPATH=.;.;C:\PROGRA~2\JMF21~1.1E\lib\sound.jar;C:\PROGRA~2\JMF21~1.1E\lib\jmf.jar;C:\PROGRA~2\JMF21~1.1E\lib;
PATH=C:\ProgramData\Oracle\Java\javapath;C:\Windows\system32;C:\Windows;C:\Windows\System32\Wbem;C:\Windows\System32\WindowsPowerShell\v1.0\;C:\Program Files (x86)\NVIDIA Corporation\PhysX\Common;C:\WINDOWS\system32;C:\WINDOWS;C:\WINDOWS\System32\Wbem;C:\WINDOWS\System32\WindowsPowerShell\v1.0\;C:\Users\Marcin\AppData\Local\Microsoft\WindowsApps;C:\Users\Marcin\AppData\Local\GitHubDesktop\bin
USERNAME=Marcin
OS=Windows_NT
PROCESSOR_IDENTIFIER=Intel64 Family 6 Model 60 Stepping 3, GenuineIntel



---------------  S Y S T E M  ---------------

OS: Windows 10 , 64 bit Build 16299 (10.0.16299.15)

CPU:total 8 (initial active 8) (4 cores per cpu, 2 threads per core) family 6 model 60 stepping 3, cmov, cx8, fxsr, mmx, sse, sse2, sse3, ssse3, sse4.1, sse4.2, popcnt, avx, avx2, aes, clmul, erms, lzcnt, ht, tsc, tscinvbit, bmi1, bmi2, fma

Memory: 4k page, physical 12500032k(6259232k free), swap 14400576k(6428368k free)

vm_info: Java HotSpot(TM) 64-Bit Server VM (9.0.1+11) for windows-amd64 JRE (9.0.1+11), built on Sep 28 2017 04:54:03 by "mach5one" with MS VC++ 12.0 (VS2013)

END.
